<?xml version='1.0'?>
<ns2:test-suite xmlns:ns2='urn:model.allure.qatools.yandex.ru' start='1548413731351' stop='1548413733367'>
    <name>VEDURF0011: Во время редактировании данных, если нажать “Reset Form” будут доступны первоначальные данные выбранного пользователя</name>
    <title>VEDURF0011: Во время редактировании данных, если нажать “Reset Form” будут доступны первоначальные данные выбранного пользователя</title>
    <test-cases>
        <test-case start='1548413731351' status='failed' stop='1548413732728'>
            <name>1. Откройте HomePage (http://localhost:8080/TestAppExample/index)</name>
            <title>1. Откройте HomePage (http://localhost:8080/TestAppExample/index)</title>
            <labels/>
            <parameters/>
            <steps/>
            <attachments>
                <attachment title='Screenshot' source='75c449eb-b405-43ec-9d89-0d26b1c221e9-attachment.png' type='image/png' size='37477'/>
            </attachments>
            <failure>
                <message>Failed: Reached error page: about:neterror?e=connectionFailure&amp;u=http%3A//localhost%3A8080/TestAppExample/index&amp;c=UTF-8&amp;f=regular&amp;d=Firefox%20%D0%BD%D0%B5%20%D0%BC%D0%BE%D0%B6%D0%B5%D1%82%20%D1%83%D1%81%D1%82%D0%B0%D0%BD%D0%BE%D0%B2%D0%B8%D1%82%D1%8C%20%D1%81%D0%BE%D0%B5%D0%B4%D0%B8%D0%BD%D0%B5%D0%BD%D0%B8%D0%B5%20%D1%81%20%D1%81%D0%B5%D1%80%D0%B2%D0%B5%D1%80%D0%BE%D0%BC%20localhost%3A8080.
                Build info: version: '3.141.59', revision: 'e82be7d358', time: '2018-11-14T08:25:53'
                System info: host: 'ASUS-F555LN', ip: '192.168.1.117', os.name: 'Windows 10', os.arch: 'amd64', os.version: '10.0', java.version: '1.8.0_201'
                Driver info: driver.version: unknown</message>
                <stack-trace>WebDriverError: Reached error page: about:neterror?e=connectionFailure&amp;u=http%3A//localhost%3A8080/TestAppExample/index&amp;c=UTF-8&amp;f=regular&amp;d=Firefox%20%D0%BD%D0%B5%20%D0%BC%D0%BE%D0%B6%D0%B5%D1%82%20%D1%83%D1%81%D1%82%D0%B0%D0%BD%D0%BE%D0%B2%D0%B8%D1%82%D1%8C%20%D1%81%D0%BE%D0%B5%D0%B4%D0%B8%D0%BD%D0%B5%D0%BD%D0%B8%D0%B5%20%D1%81%20%D1%81%D0%B5%D1%80%D0%B2%D0%B5%D1%80%D0%BE%D0%BC%20localhost%3A8080.
                Build info: version: '3.141.59', revision: 'e82be7d358', time: '2018-11-14T08:25:53'
                System info: host: 'ASUS-F555LN', ip: '192.168.1.117', os.name: 'Windows 10', os.arch: 'amd64', os.version: '10.0', java.version: '1.8.0_201'
                Driver info: driver.version: unknown
                    at Object.checkLegacyResponse (C:\Users\AleRom\Documents\server\testingCoursesFinal\node_modules\selenium-webdriver\lib\error.js:546:15)
                    at parseHttpResponse (C:\Users\AleRom\Documents\server\testingCoursesFinal\node_modules\selenium-webdriver\lib\http.js:509:13)
                    at doSend.then.response (C:\Users\AleRom\Documents\server\testingCoursesFinal\node_modules\selenium-webdriver\lib\http.js:441:30)
                    at process._tickCallback (internal/process/next_tick.js:68:7)
                From: Task: WebDriver.navigate().to(http://localhost:8080/TestAppExample/index)
                    at thenableWebDriverProxy.schedule (C:\Users\AleRom\Documents\server\testingCoursesFinal\node_modules\selenium-webdriver\lib\webdriver.js:807:17)
                    at Navigation.to (C:\Users\AleRom\Documents\server\testingCoursesFinal\node_modules\selenium-webdriver\lib\webdriver.js:1133:25)
                    at UserRegistrationForm.getHomePage (C:\Users\AleRom\Documents\server\testingCoursesFinal\PO\UserRegistrationForm.js:11:28)
                    at UserContext.&lt;anonymous> (C:\Users\AleRom\Documents\server\testingCoursesFinal\Specs\vedurf0011.js:8:30)
                    at C:\Users\AleRom\Documents\server\testingCoursesFinal\node_modules\jasminewd2\index.js:112:25
                    at new ManagedPromise (C:\Users\AleRom\Documents\server\testingCoursesFinal\node_modules\selenium-webdriver\lib\promise.js:1077:7)
                    at ControlFlow.promise (C:\Users\AleRom\Documents\server\testingCoursesFinal\node_modules\selenium-webdriver\lib\promise.js:2505:12)
                    at schedulerExecute (C:\Users\AleRom\Documents\server\testingCoursesFinal\node_modules\jasminewd2\index.js:95:18)
                    at TaskQueue.execute_ (C:\Users\AleRom\Documents\server\testingCoursesFinal\node_modules\selenium-webdriver\lib\promise.js:3084:14)
                    at TaskQueue.executeNext_ (C:\Users\AleRom\Documents\server\testingCoursesFinal\node_modules\selenium-webdriver\lib\promise.js:3067:27)
                From: Task: Run it("1. Откройте HomePage (http://localhost:8080/TestAppExample/index)") in control flow
                    at UserContext.&lt;anonymous> (C:\Users\AleRom\Documents\server\testingCoursesFinal\node_modules\jasminewd2\index.js:94:19)
                    at attempt (C:\Users\AleRom\Documents\server\testingCoursesFinal\node_modules\protractor\node_modules\jasmine-core\lib\jasmine-core\jasmine.js:4297:26)
                    at QueueRunner.run (C:\Users\AleRom\Documents\server\testingCoursesFinal\node_modules\protractor\node_modules\jasmine-core\lib\jasmine-core\jasmine.js:4217:20)
                    at QueueRunner.execute (C:\Users\AleRom\Documents\server\testingCoursesFinal\node_modules\protractor\node_modules\jasmine-core\lib\jasmine-core\jasmine.js:4199:10)
                    at Spec.queueRunnerFactory (C:\Users\AleRom\Documents\server\testingCoursesFinal\node_modules\protractor\node_modules\jasmine-core\lib\jasmine-core\jasmine.js:909:35)
                    at Spec.execute (C:\Users\AleRom\Documents\server\testingCoursesFinal\node_modules\protractor\node_modules\jasmine-core\lib\jasmine-core\jasmine.js:526:10)
                    at UserContext.fn (C:\Users\AleRom\Documents\server\testingCoursesFinal\node_modules\protractor\node_modules\jasmine-core\lib\jasmine-core\jasmine.js:5340:37)
                    at attempt (C:\Users\AleRom\Documents\server\testingCoursesFinal\node_modules\protractor\node_modules\jasmine-core\lib\jasmine-core\jasmine.js:4297:26)
                    at QueueRunner.run (C:\Users\AleRom\Documents\server\testingCoursesFinal\node_modules\protractor\node_modules\jasmine-core\lib\jasmine-core\jasmine.js:4217:20)
                    at QueueRunner.execute (C:\Users\AleRom\Documents\server\testingCoursesFinal\node_modules\protractor\node_modules\jasmine-core\lib\jasmine-core\jasmine.js:4199:10)
                From asynchronous test: 
                Error
                    at Suite.&lt;anonymous> (C:\Users\AleRom\Documents\server\testingCoursesFinal\Specs\vedurf0011.js:7:5)
                    at addSpecsToSuite (C:\Users\AleRom\Documents\server\testingCoursesFinal\node_modules\protractor\node_modules\jasmine-core\lib\jasmine-core\jasmine.js:1107:25)
                    at Env.describe (C:\Users\AleRom\Documents\server\testingCoursesFinal\node_modules\protractor\node_modules\jasmine-core\lib\jasmine-core\jasmine.js:1074:7)
                    at describe (C:\Users\AleRom\Documents\server\testingCoursesFinal\node_modules\protractor\node_modules\jasmine-core\lib\jasmine-core\jasmine.js:4399:18)
                    at Object.&lt;anonymous> (C:\Users\AleRom\Documents\server\testingCoursesFinal\Specs\vedurf0011.js:5:1)
                    at Module._compile (internal/modules/cjs/loader.js:688:30)
                    at Object.Module._extensions..js (internal/modules/cjs/loader.js:699:10)
                    at Module.load (internal/modules/cjs/loader.js:598:32)
                    at tryModuleLoad (internal/modules/cjs/loader.js:537:12)</stack-trace>
            </failure>
        </test-case>
        <test-case start='1548413732728' status='failed' stop='1548413732801'>
            <name>2. Проверьте наличие данных в таблице TableName</name>
            <title>2. Проверьте наличие данных в таблице TableName</title>
            <labels/>
            <parameters/>
            <steps/>
            <attachments>
                <attachment title='Screenshot' source='74a82082-066d-485e-b79f-9bde91b89a00-attachment.png' type='image/png' size='37477'/>
            </attachments>
            <failure>
                <message>Failed: Error while waiting for Protractor to sync with the page: "both angularJS testability and angular testability are undefined.  This could be either because this is a non-angular page or because your test involves client-side navigation, which can interfere with Protractor's bootstrapping.  See http://git.io/v4gXM for details"</message>
                <stack-trace>Error: Error while waiting for Protractor to sync with the page: "both angularJS testability and angular testability are undefined.  This could be either because this is a non-angular page or because your test involves client-side navigation, which can interfere with Protractor's bootstrapping.  See http://git.io/v4gXM for details"
                    at runWaitForAngularScript.then (C:\Users\AleRom\Documents\server\testingCoursesFinal\node_modules\protractor\built\browser.js:463:23)
                    at ManagedPromise.invokeCallback_ (C:\Users\AleRom\Documents\server\testingCoursesFinal\node_modules\selenium-webdriver\lib\promise.js:1376:14)
                    at TaskQueue.execute_ (C:\Users\AleRom\Documents\server\testingCoursesFinal\node_modules\selenium-webdriver\lib\promise.js:3084:14)
                    at TaskQueue.executeNext_ (C:\Users\AleRom\Documents\server\testingCoursesFinal\node_modules\selenium-webdriver\lib\promise.js:3067:27)
                    at asyncRun (C:\Users\AleRom\Documents\server\testingCoursesFinal\node_modules\selenium-webdriver\lib\promise.js:2927:27)
                    at C:\Users\AleRom\Documents\server\testingCoursesFinal\node_modules\selenium-webdriver\lib\promise.js:668:7
                    at process._tickCallback (internal/process/next_tick.js:68:7)
                From: Task: Run it("2. Проверьте наличие данных в таблице TableName") in control flow
                    at UserContext.&lt;anonymous> (C:\Users\AleRom\Documents\server\testingCoursesFinal\node_modules\jasminewd2\index.js:94:19)
                    at attempt (C:\Users\AleRom\Documents\server\testingCoursesFinal\node_modules\protractor\node_modules\jasmine-core\lib\jasmine-core\jasmine.js:4297:26)
                    at QueueRunner.run (C:\Users\AleRom\Documents\server\testingCoursesFinal\node_modules\protractor\node_modules\jasmine-core\lib\jasmine-core\jasmine.js:4217:20)
                    at QueueRunner.execute (C:\Users\AleRom\Documents\server\testingCoursesFinal\node_modules\protractor\node_modules\jasmine-core\lib\jasmine-core\jasmine.js:4199:10)
                    at Spec.queueRunnerFactory (C:\Users\AleRom\Documents\server\testingCoursesFinal\node_modules\protractor\node_modules\jasmine-core\lib\jasmine-core\jasmine.js:909:35)
                    at Spec.execute (C:\Users\AleRom\Documents\server\testingCoursesFinal\node_modules\protractor\node_modules\jasmine-core\lib\jasmine-core\jasmine.js:526:10)
                    at UserContext.fn (C:\Users\AleRom\Documents\server\testingCoursesFinal\node_modules\protractor\node_modules\jasmine-core\lib\jasmine-core\jasmine.js:5340:37)
                    at attempt (C:\Users\AleRom\Documents\server\testingCoursesFinal\node_modules\protractor\node_modules\jasmine-core\lib\jasmine-core\jasmine.js:4297:26)
                    at QueueRunner.run (C:\Users\AleRom\Documents\server\testingCoursesFinal\node_modules\protractor\node_modules\jasmine-core\lib\jasmine-core\jasmine.js:4217:20)
                    at runNext (C:\Users\AleRom\Documents\server\testingCoursesFinal\node_modules\protractor\node_modules\jasmine-core\lib\jasmine-core\jasmine.js:4257:20)
                From asynchronous test: 
                Error
                    at Suite.&lt;anonymous> (C:\Users\AleRom\Documents\server\testingCoursesFinal\Specs\vedurf0011.js:13:5)
                    at addSpecsToSuite (C:\Users\AleRom\Documents\server\testingCoursesFinal\node_modules\protractor\node_modules\jasmine-core\lib\jasmine-core\jasmine.js:1107:25)
                    at Env.describe (C:\Users\AleRom\Documents\server\testingCoursesFinal\node_modules\protractor\node_modules\jasmine-core\lib\jasmine-core\jasmine.js:1074:7)
                    at describe (C:\Users\AleRom\Documents\server\testingCoursesFinal\node_modules\protractor\node_modules\jasmine-core\lib\jasmine-core\jasmine.js:4399:18)
                    at Object.&lt;anonymous> (C:\Users\AleRom\Documents\server\testingCoursesFinal\Specs\vedurf0011.js:5:1)
                    at Module._compile (internal/modules/cjs/loader.js:688:30)
                    at Object.Module._extensions..js (internal/modules/cjs/loader.js:699:10)
                    at Module.load (internal/modules/cjs/loader.js:598:32)
                    at tryModuleLoad (internal/modules/cjs/loader.js:537:12)</stack-trace>
            </failure>
        </test-case>
        <test-case start='1548413732801' status='failed' stop='1548413732886'>
            <name>3. Выберите строку в таблице с заполненными данными, запомните её номер и проверьте доступна ли кнопка “Edit” в данной строке для нажатия</name>
            <title>3. Выберите строку в таблице с заполненными данными, запомните её номер и проверьте доступна ли кнопка “Edit” в данной строке для нажатия</title>
            <labels/>
            <parameters/>
            <steps/>
            <attachments>
                <attachment title='Screenshot' source='87c3782c-2263-4ef7-88ff-c5668fc63488-attachment.png' type='image/png' size='37477'/>
            </attachments>
            <failure>
                <message>Failed: Error while waiting for Protractor to sync with the page: "both angularJS testability and angular testability are undefined.  This could be either because this is a non-angular page or because your test involves client-side navigation, which can interfere with Protractor's bootstrapping.  See http://git.io/v4gXM for details"</message>
                <stack-trace>Error: Error while waiting for Protractor to sync with the page: "both angularJS testability and angular testability are undefined.  This could be either because this is a non-angular page or because your test involves client-side navigation, which can interfere with Protractor's bootstrapping.  See http://git.io/v4gXM for details"
                    at runWaitForAngularScript.then (C:\Users\AleRom\Documents\server\testingCoursesFinal\node_modules\protractor\built\browser.js:463:23)
                    at ManagedPromise.invokeCallback_ (C:\Users\AleRom\Documents\server\testingCoursesFinal\node_modules\selenium-webdriver\lib\promise.js:1376:14)
                    at TaskQueue.execute_ (C:\Users\AleRom\Documents\server\testingCoursesFinal\node_modules\selenium-webdriver\lib\promise.js:3084:14)
                    at TaskQueue.executeNext_ (C:\Users\AleRom\Documents\server\testingCoursesFinal\node_modules\selenium-webdriver\lib\promise.js:3067:27)
                    at asyncRun (C:\Users\AleRom\Documents\server\testingCoursesFinal\node_modules\selenium-webdriver\lib\promise.js:2927:27)
                    at C:\Users\AleRom\Documents\server\testingCoursesFinal\node_modules\selenium-webdriver\lib\promise.js:668:7
                    at process._tickCallback (internal/process/next_tick.js:68:7)Error
                    at ElementArrayFinder.applyAction_ (C:\Users\AleRom\Documents\server\testingCoursesFinal\node_modules\protractor\built\element.js:459:27)
                    at ElementArrayFinder.(anonymous function).args [as isEnabled] (C:\Users\AleRom\Documents\server\testingCoursesFinal\node_modules\protractor\built\element.js:91:29)
                    at ElementFinder.(anonymous function).args [as isEnabled] (C:\Users\AleRom\Documents\server\testingCoursesFinal\node_modules\protractor\built\element.js:831:22)
                    at ListOfUsers.buttonEditIsEnabled (C:\Users\AleRom\Documents\server\testingCoursesFinal\PO\ListOfUsers.js:64:32)
                    at UserContext.&lt;anonymous> (C:\Users\AleRom\Documents\server\testingCoursesFinal\Specs\vedurf0011.js:22:21)
                    at C:\Users\AleRom\Documents\server\testingCoursesFinal\node_modules\jasminewd2\index.js:112:25
                    at new ManagedPromise (C:\Users\AleRom\Documents\server\testingCoursesFinal\node_modules\selenium-webdriver\lib\promise.js:1077:7)
                    at ControlFlow.promise (C:\Users\AleRom\Documents\server\testingCoursesFinal\node_modules\selenium-webdriver\lib\promise.js:2505:12)
                    at schedulerExecute (C:\Users\AleRom\Documents\server\testingCoursesFinal\node_modules\jasminewd2\index.js:95:18)
                    at TaskQueue.execute_ (C:\Users\AleRom\Documents\server\testingCoursesFinal\node_modules\selenium-webdriver\lib\promise.js:3084:14)
                From: Task: Run it("3. Выберите строку в таблице с заполненными данными, запомните её номер и проверьте доступна ли кнопка “Edit” в данной строке для нажатия") in control flow
                    at UserContext.&lt;anonymous> (C:\Users\AleRom\Documents\server\testingCoursesFinal\node_modules\jasminewd2\index.js:94:19)
                    at attempt (C:\Users\AleRom\Documents\server\testingCoursesFinal\node_modules\protractor\node_modules\jasmine-core\lib\jasmine-core\jasmine.js:4297:26)
                    at QueueRunner.run (C:\Users\AleRom\Documents\server\testingCoursesFinal\node_modules\protractor\node_modules\jasmine-core\lib\jasmine-core\jasmine.js:4217:20)
                    at QueueRunner.execute (C:\Users\AleRom\Documents\server\testingCoursesFinal\node_modules\protractor\node_modules\jasmine-core\lib\jasmine-core\jasmine.js:4199:10)
                    at Spec.queueRunnerFactory (C:\Users\AleRom\Documents\server\testingCoursesFinal\node_modules\protractor\node_modules\jasmine-core\lib\jasmine-core\jasmine.js:909:35)
                    at Spec.execute (C:\Users\AleRom\Documents\server\testingCoursesFinal\node_modules\protractor\node_modules\jasmine-core\lib\jasmine-core\jasmine.js:526:10)
                    at UserContext.fn (C:\Users\AleRom\Documents\server\testingCoursesFinal\node_modules\protractor\node_modules\jasmine-core\lib\jasmine-core\jasmine.js:5340:37)
                    at attempt (C:\Users\AleRom\Documents\server\testingCoursesFinal\node_modules\protractor\node_modules\jasmine-core\lib\jasmine-core\jasmine.js:4297:26)
                    at QueueRunner.run (C:\Users\AleRom\Documents\server\testingCoursesFinal\node_modules\protractor\node_modules\jasmine-core\lib\jasmine-core\jasmine.js:4217:20)
                    at runNext (C:\Users\AleRom\Documents\server\testingCoursesFinal\node_modules\protractor\node_modules\jasmine-core\lib\jasmine-core\jasmine.js:4257:20)
                From asynchronous test: 
                Error
                    at Suite.&lt;anonymous> (C:\Users\AleRom\Documents\server\testingCoursesFinal\Specs\vedurf0011.js:18:5)
                    at addSpecsToSuite (C:\Users\AleRom\Documents\server\testingCoursesFinal\node_modules\protractor\node_modules\jasmine-core\lib\jasmine-core\jasmine.js:1107:25)
                    at Env.describe (C:\Users\AleRom\Documents\server\testingCoursesFinal\node_modules\protractor\node_modules\jasmine-core\lib\jasmine-core\jasmine.js:1074:7)
                    at describe (C:\Users\AleRom\Documents\server\testingCoursesFinal\node_modules\protractor\node_modules\jasmine-core\lib\jasmine-core\jasmine.js:4399:18)
                    at Object.&lt;anonymous> (C:\Users\AleRom\Documents\server\testingCoursesFinal\Specs\vedurf0011.js:5:1)
                    at Module._compile (internal/modules/cjs/loader.js:688:30)
                    at Object.Module._extensions..js (internal/modules/cjs/loader.js:699:10)
                    at Module.load (internal/modules/cjs/loader.js:598:32)
                    at tryModuleLoad (internal/modules/cjs/loader.js:537:12)</stack-trace>
            </failure>
        </test-case>
        <test-case start='1548413732886' status='failed' stop='1548413732970'>
            <name>4. Нажмите данную кнопку</name>
            <title>4. Нажмите данную кнопку</title>
            <labels/>
            <parameters/>
            <steps/>
            <attachments>
                <attachment title='Screenshot' source='a837c4b1-7eab-4c6f-bb0d-9024cb3b17ed-attachment.png' type='image/png' size='37477'/>
            </attachments>
            <failure>
                <message>Failed: Error while waiting for Protractor to sync with the page: "both angularJS testability and angular testability are undefined.  This could be either because this is a non-angular page or because your test involves client-side navigation, which can interfere with Protractor's bootstrapping.  See http://git.io/v4gXM for details"</message>
                <stack-trace>Error: Error while waiting for Protractor to sync with the page: "both angularJS testability and angular testability are undefined.  This could be either because this is a non-angular page or because your test involves client-side navigation, which can interfere with Protractor's bootstrapping.  See http://git.io/v4gXM for details"
                    at runWaitForAngularScript.then (C:\Users\AleRom\Documents\server\testingCoursesFinal\node_modules\protractor\built\browser.js:463:23)
                    at ManagedPromise.invokeCallback_ (C:\Users\AleRom\Documents\server\testingCoursesFinal\node_modules\selenium-webdriver\lib\promise.js:1376:14)
                    at TaskQueue.execute_ (C:\Users\AleRom\Documents\server\testingCoursesFinal\node_modules\selenium-webdriver\lib\promise.js:3084:14)
                    at TaskQueue.executeNext_ (C:\Users\AleRom\Documents\server\testingCoursesFinal\node_modules\selenium-webdriver\lib\promise.js:3067:27)
                    at asyncRun (C:\Users\AleRom\Documents\server\testingCoursesFinal\node_modules\selenium-webdriver\lib\promise.js:2927:27)
                    at C:\Users\AleRom\Documents\server\testingCoursesFinal\node_modules\selenium-webdriver\lib\promise.js:668:7
                    at process._tickCallback (internal/process/next_tick.js:68:7)Error
                    at ElementArrayFinder.applyAction_ (C:\Users\AleRom\Documents\server\testingCoursesFinal\node_modules\protractor\built\element.js:459:27)
                    at ElementArrayFinder.(anonymous function).args [as click] (C:\Users\AleRom\Documents\server\testingCoursesFinal\node_modules\protractor\built\element.js:91:29)
                    at ElementFinder.(anonymous function).args [as click] (C:\Users\AleRom\Documents\server\testingCoursesFinal\node_modules\protractor\built\element.js:831:22)
                    at ListOfUsers.buttonEditClick (C:\Users\AleRom\Documents\server\testingCoursesFinal\PO\ListOfUsers.js:68:25)
                    at UserContext.&lt;anonymous> (C:\Users\AleRom\Documents\server\testingCoursesFinal\Specs\vedurf0011.js:26:21)
                    at C:\Users\AleRom\Documents\server\testingCoursesFinal\node_modules\jasminewd2\index.js:112:25
                    at new ManagedPromise (C:\Users\AleRom\Documents\server\testingCoursesFinal\node_modules\selenium-webdriver\lib\promise.js:1077:7)
                    at ControlFlow.promise (C:\Users\AleRom\Documents\server\testingCoursesFinal\node_modules\selenium-webdriver\lib\promise.js:2505:12)
                    at schedulerExecute (C:\Users\AleRom\Documents\server\testingCoursesFinal\node_modules\jasminewd2\index.js:95:18)
                    at TaskQueue.execute_ (C:\Users\AleRom\Documents\server\testingCoursesFinal\node_modules\selenium-webdriver\lib\promise.js:3084:14)
                From: Task: Run it("4. Нажмите данную кнопку") in control flow
                    at UserContext.&lt;anonymous> (C:\Users\AleRom\Documents\server\testingCoursesFinal\node_modules\jasminewd2\index.js:94:19)
                    at attempt (C:\Users\AleRom\Documents\server\testingCoursesFinal\node_modules\protractor\node_modules\jasmine-core\lib\jasmine-core\jasmine.js:4297:26)
                    at QueueRunner.run (C:\Users\AleRom\Documents\server\testingCoursesFinal\node_modules\protractor\node_modules\jasmine-core\lib\jasmine-core\jasmine.js:4217:20)
                    at QueueRunner.execute (C:\Users\AleRom\Documents\server\testingCoursesFinal\node_modules\protractor\node_modules\jasmine-core\lib\jasmine-core\jasmine.js:4199:10)
                    at Spec.queueRunnerFactory (C:\Users\AleRom\Documents\server\testingCoursesFinal\node_modules\protractor\node_modules\jasmine-core\lib\jasmine-core\jasmine.js:909:35)
                    at Spec.execute (C:\Users\AleRom\Documents\server\testingCoursesFinal\node_modules\protractor\node_modules\jasmine-core\lib\jasmine-core\jasmine.js:526:10)
                    at UserContext.fn (C:\Users\AleRom\Documents\server\testingCoursesFinal\node_modules\protractor\node_modules\jasmine-core\lib\jasmine-core\jasmine.js:5340:37)
                    at attempt (C:\Users\AleRom\Documents\server\testingCoursesFinal\node_modules\protractor\node_modules\jasmine-core\lib\jasmine-core\jasmine.js:4297:26)
                    at QueueRunner.run (C:\Users\AleRom\Documents\server\testingCoursesFinal\node_modules\protractor\node_modules\jasmine-core\lib\jasmine-core\jasmine.js:4217:20)
                    at runNext (C:\Users\AleRom\Documents\server\testingCoursesFinal\node_modules\protractor\node_modules\jasmine-core\lib\jasmine-core\jasmine.js:4257:20)
                From asynchronous test: 
                Error
                    at Suite.&lt;anonymous> (C:\Users\AleRom\Documents\server\testingCoursesFinal\Specs\vedurf0011.js:25:5)
                    at addSpecsToSuite (C:\Users\AleRom\Documents\server\testingCoursesFinal\node_modules\protractor\node_modules\jasmine-core\lib\jasmine-core\jasmine.js:1107:25)
                    at Env.describe (C:\Users\AleRom\Documents\server\testingCoursesFinal\node_modules\protractor\node_modules\jasmine-core\lib\jasmine-core\jasmine.js:1074:7)
                    at describe (C:\Users\AleRom\Documents\server\testingCoursesFinal\node_modules\protractor\node_modules\jasmine-core\lib\jasmine-core\jasmine.js:4399:18)
                    at Object.&lt;anonymous> (C:\Users\AleRom\Documents\server\testingCoursesFinal\Specs\vedurf0011.js:5:1)
                    at Module._compile (internal/modules/cjs/loader.js:688:30)
                    at Object.Module._extensions..js (internal/modules/cjs/loader.js:699:10)
                    at Module.load (internal/modules/cjs/loader.js:598:32)
                    at tryModuleLoad (internal/modules/cjs/loader.js:537:12)</stack-trace>
            </failure>
        </test-case>
        <test-case start='1548413732970' status='failed' stop='1548413733046'>
            <name>5. Проверьте, что выбранные данные доступны в полях формы FormName</name>
            <title>5. Проверьте, что выбранные данные доступны в полях формы FormName</title>
            <labels/>
            <parameters/>
            <steps/>
            <attachments>
                <attachment title='Screenshot' source='c42b13af-b264-4f5c-999f-ffb762c90b0e-attachment.png' type='image/png' size='37477'/>
            </attachments>
            <failure>
                <message>Failed: Error while waiting for Protractor to sync with the page: "both angularJS testability and angular testability are undefined.  This could be either because this is a non-angular page or because your test involves client-side navigation, which can interfere with Protractor's bootstrapping.  See http://git.io/v4gXM for details"</message>
                <stack-trace>Error: Error while waiting for Protractor to sync with the page: "both angularJS testability and angular testability are undefined.  This could be either because this is a non-angular page or because your test involves client-side navigation, which can interfere with Protractor's bootstrapping.  See http://git.io/v4gXM for details"
                    at runWaitForAngularScript.then (C:\Users\AleRom\Documents\server\testingCoursesFinal\node_modules\protractor\built\browser.js:463:23)
                    at ManagedPromise.invokeCallback_ (C:\Users\AleRom\Documents\server\testingCoursesFinal\node_modules\selenium-webdriver\lib\promise.js:1376:14)
                    at TaskQueue.execute_ (C:\Users\AleRom\Documents\server\testingCoursesFinal\node_modules\selenium-webdriver\lib\promise.js:3084:14)
                    at TaskQueue.executeNext_ (C:\Users\AleRom\Documents\server\testingCoursesFinal\node_modules\selenium-webdriver\lib\promise.js:3067:27)
                    at asyncRun (C:\Users\AleRom\Documents\server\testingCoursesFinal\node_modules\selenium-webdriver\lib\promise.js:2927:27)
                    at C:\Users\AleRom\Documents\server\testingCoursesFinal\node_modules\selenium-webdriver\lib\promise.js:668:7
                    at process._tickCallback (internal/process/next_tick.js:68:7)Error
                    at ElementArrayFinder.applyAction_ (C:\Users\AleRom\Documents\server\testingCoursesFinal\node_modules\protractor\built\element.js:459:27)
                    at ElementArrayFinder.(anonymous function).args [as getAttribute] (C:\Users\AleRom\Documents\server\testingCoursesFinal\node_modules\protractor\built\element.js:91:29)
                    at ElementFinder.(anonymous function).args [as getAttribute] (C:\Users\AleRom\Documents\server\testingCoursesFinal\node_modules\protractor\built\element.js:831:22)
                    at UserRegistrationForm.inputNameCheckValue (C:\Users\AleRom\Documents\server\testingCoursesFinal\PO\UserRegistrationForm.js:21:26)
                    at UserContext.&lt;anonymous> (C:\Users\AleRom\Documents\server\testingCoursesFinal\Specs\vedurf0011.js:31:30)
                    at C:\Users\AleRom\Documents\server\testingCoursesFinal\node_modules\jasminewd2\index.js:112:25
                    at new ManagedPromise (C:\Users\AleRom\Documents\server\testingCoursesFinal\node_modules\selenium-webdriver\lib\promise.js:1077:7)
                    at ControlFlow.promise (C:\Users\AleRom\Documents\server\testingCoursesFinal\node_modules\selenium-webdriver\lib\promise.js:2505:12)
                    at schedulerExecute (C:\Users\AleRom\Documents\server\testingCoursesFinal\node_modules\jasminewd2\index.js:95:18)
                    at TaskQueue.execute_ (C:\Users\AleRom\Documents\server\testingCoursesFinal\node_modules\selenium-webdriver\lib\promise.js:3084:14)
                From: Task: Run it("5. Проверьте, что выбранные данные доступны в полях формы FormName") in control flow
                    at UserContext.&lt;anonymous> (C:\Users\AleRom\Documents\server\testingCoursesFinal\node_modules\jasminewd2\index.js:94:19)
                    at attempt (C:\Users\AleRom\Documents\server\testingCoursesFinal\node_modules\protractor\node_modules\jasmine-core\lib\jasmine-core\jasmine.js:4297:26)
                    at QueueRunner.run (C:\Users\AleRom\Documents\server\testingCoursesFinal\node_modules\protractor\node_modules\jasmine-core\lib\jasmine-core\jasmine.js:4217:20)
                    at QueueRunner.execute (C:\Users\AleRom\Documents\server\testingCoursesFinal\node_modules\protractor\node_modules\jasmine-core\lib\jasmine-core\jasmine.js:4199:10)
                    at Spec.queueRunnerFactory (C:\Users\AleRom\Documents\server\testingCoursesFinal\node_modules\protractor\node_modules\jasmine-core\lib\jasmine-core\jasmine.js:909:35)
                    at Spec.execute (C:\Users\AleRom\Documents\server\testingCoursesFinal\node_modules\protractor\node_modules\jasmine-core\lib\jasmine-core\jasmine.js:526:10)
                    at UserContext.fn (C:\Users\AleRom\Documents\server\testingCoursesFinal\node_modules\protractor\node_modules\jasmine-core\lib\jasmine-core\jasmine.js:5340:37)
                    at attempt (C:\Users\AleRom\Documents\server\testingCoursesFinal\node_modules\protractor\node_modules\jasmine-core\lib\jasmine-core\jasmine.js:4297:26)
                    at QueueRunner.run (C:\Users\AleRom\Documents\server\testingCoursesFinal\node_modules\protractor\node_modules\jasmine-core\lib\jasmine-core\jasmine.js:4217:20)
                    at runNext (C:\Users\AleRom\Documents\server\testingCoursesFinal\node_modules\protractor\node_modules\jasmine-core\lib\jasmine-core\jasmine.js:4257:20)
                From asynchronous test: 
                Error
                    at Suite.&lt;anonymous> (C:\Users\AleRom\Documents\server\testingCoursesFinal\Specs\vedurf0011.js:29:5)
                    at addSpecsToSuite (C:\Users\AleRom\Documents\server\testingCoursesFinal\node_modules\protractor\node_modules\jasmine-core\lib\jasmine-core\jasmine.js:1107:25)
                    at Env.describe (C:\Users\AleRom\Documents\server\testingCoursesFinal\node_modules\protractor\node_modules\jasmine-core\lib\jasmine-core\jasmine.js:1074:7)
                    at describe (C:\Users\AleRom\Documents\server\testingCoursesFinal\node_modules\protractor\node_modules\jasmine-core\lib\jasmine-core\jasmine.js:4399:18)
                    at Object.&lt;anonymous> (C:\Users\AleRom\Documents\server\testingCoursesFinal\Specs\vedurf0011.js:5:1)
                    at Module._compile (internal/modules/cjs/loader.js:688:30)
                    at Object.Module._extensions..js (internal/modules/cjs/loader.js:699:10)
                    at Module.load (internal/modules/cjs/loader.js:598:32)
                    at tryModuleLoad (internal/modules/cjs/loader.js:537:12)</stack-trace>
            </failure>
        </test-case>
        <test-case start='1548413733046' status='failed' stop='1548413733134'>
            <name>6. Проверьте, что кнопка “Reset Form” недоступна для нажатия</name>
            <title>6. Проверьте, что кнопка “Reset Form” недоступна для нажатия</title>
            <labels/>
            <parameters/>
            <steps/>
            <attachments>
                <attachment title='Screenshot' source='79d38d64-d519-4163-9b76-98dd2e489ecc-attachment.png' type='image/png' size='37477'/>
            </attachments>
            <failure>
                <message>Failed: Error while waiting for Protractor to sync with the page: "both angularJS testability and angular testability are undefined.  This could be either because this is a non-angular page or because your test involves client-side navigation, which can interfere with Protractor's bootstrapping.  See http://git.io/v4gXM for details"</message>
                <stack-trace>Error: Error while waiting for Protractor to sync with the page: "both angularJS testability and angular testability are undefined.  This could be either because this is a non-angular page or because your test involves client-side navigation, which can interfere with Protractor's bootstrapping.  See http://git.io/v4gXM for details"
                    at runWaitForAngularScript.then (C:\Users\AleRom\Documents\server\testingCoursesFinal\node_modules\protractor\built\browser.js:463:23)
                    at ManagedPromise.invokeCallback_ (C:\Users\AleRom\Documents\server\testingCoursesFinal\node_modules\selenium-webdriver\lib\promise.js:1376:14)
                    at TaskQueue.execute_ (C:\Users\AleRom\Documents\server\testingCoursesFinal\node_modules\selenium-webdriver\lib\promise.js:3084:14)
                    at TaskQueue.executeNext_ (C:\Users\AleRom\Documents\server\testingCoursesFinal\node_modules\selenium-webdriver\lib\promise.js:3067:27)
                    at asyncRun (C:\Users\AleRom\Documents\server\testingCoursesFinal\node_modules\selenium-webdriver\lib\promise.js:2927:27)
                    at C:\Users\AleRom\Documents\server\testingCoursesFinal\node_modules\selenium-webdriver\lib\promise.js:668:7
                    at process._tickCallback (internal/process/next_tick.js:68:7)Error
                    at ElementArrayFinder.applyAction_ (C:\Users\AleRom\Documents\server\testingCoursesFinal\node_modules\protractor\built\element.js:459:27)
                    at ElementArrayFinder.(anonymous function).args [as isEnabled] (C:\Users\AleRom\Documents\server\testingCoursesFinal\node_modules\protractor\built\element.js:91:29)
                    at ElementFinder.(anonymous function).args [as isEnabled] (C:\Users\AleRom\Documents\server\testingCoursesFinal\node_modules\protractor\built\element.js:831:22)
                    at UserRegistrationForm.buttonResetFormIsDisabled (C:\Users\AleRom\Documents\server\testingCoursesFinal\PO\UserRegistrationForm.js:109:32)
                    at UserContext.&lt;anonymous> (C:\Users\AleRom\Documents\server\testingCoursesFinal\Specs\vedurf0011.js:38:30)
                    at C:\Users\AleRom\Documents\server\testingCoursesFinal\node_modules\jasminewd2\index.js:112:25
                    at new ManagedPromise (C:\Users\AleRom\Documents\server\testingCoursesFinal\node_modules\selenium-webdriver\lib\promise.js:1077:7)
                    at ControlFlow.promise (C:\Users\AleRom\Documents\server\testingCoursesFinal\node_modules\selenium-webdriver\lib\promise.js:2505:12)
                    at schedulerExecute (C:\Users\AleRom\Documents\server\testingCoursesFinal\node_modules\jasminewd2\index.js:95:18)
                    at TaskQueue.execute_ (C:\Users\AleRom\Documents\server\testingCoursesFinal\node_modules\selenium-webdriver\lib\promise.js:3084:14)
                From: Task: Run it("6. Проверьте, что кнопка “Reset Form” недоступна для нажатия") in control flow
                    at UserContext.&lt;anonymous> (C:\Users\AleRom\Documents\server\testingCoursesFinal\node_modules\jasminewd2\index.js:94:19)
                    at attempt (C:\Users\AleRom\Documents\server\testingCoursesFinal\node_modules\protractor\node_modules\jasmine-core\lib\jasmine-core\jasmine.js:4297:26)
                    at QueueRunner.run (C:\Users\AleRom\Documents\server\testingCoursesFinal\node_modules\protractor\node_modules\jasmine-core\lib\jasmine-core\jasmine.js:4217:20)
                    at QueueRunner.execute (C:\Users\AleRom\Documents\server\testingCoursesFinal\node_modules\protractor\node_modules\jasmine-core\lib\jasmine-core\jasmine.js:4199:10)
                    at Spec.queueRunnerFactory (C:\Users\AleRom\Documents\server\testingCoursesFinal\node_modules\protractor\node_modules\jasmine-core\lib\jasmine-core\jasmine.js:909:35)
                    at Spec.execute (C:\Users\AleRom\Documents\server\testingCoursesFinal\node_modules\protractor\node_modules\jasmine-core\lib\jasmine-core\jasmine.js:526:10)
                    at UserContext.fn (C:\Users\AleRom\Documents\server\testingCoursesFinal\node_modules\protractor\node_modules\jasmine-core\lib\jasmine-core\jasmine.js:5340:37)
                    at attempt (C:\Users\AleRom\Documents\server\testingCoursesFinal\node_modules\protractor\node_modules\jasmine-core\lib\jasmine-core\jasmine.js:4297:26)
                    at QueueRunner.run (C:\Users\AleRom\Documents\server\testingCoursesFinal\node_modules\protractor\node_modules\jasmine-core\lib\jasmine-core\jasmine.js:4217:20)
                    at runNext (C:\Users\AleRom\Documents\server\testingCoursesFinal\node_modules\protractor\node_modules\jasmine-core\lib\jasmine-core\jasmine.js:4257:20)
                From asynchronous test: 
                Error
                    at Suite.&lt;anonymous> (C:\Users\AleRom\Documents\server\testingCoursesFinal\Specs\vedurf0011.js:36:5)
                    at addSpecsToSuite (C:\Users\AleRom\Documents\server\testingCoursesFinal\node_modules\protractor\node_modules\jasmine-core\lib\jasmine-core\jasmine.js:1107:25)
                    at Env.describe (C:\Users\AleRom\Documents\server\testingCoursesFinal\node_modules\protractor\node_modules\jasmine-core\lib\jasmine-core\jasmine.js:1074:7)
                    at describe (C:\Users\AleRom\Documents\server\testingCoursesFinal\node_modules\protractor\node_modules\jasmine-core\lib\jasmine-core\jasmine.js:4399:18)
                    at Object.&lt;anonymous> (C:\Users\AleRom\Documents\server\testingCoursesFinal\Specs\vedurf0011.js:5:1)
                    at Module._compile (internal/modules/cjs/loader.js:688:30)
                    at Object.Module._extensions..js (internal/modules/cjs/loader.js:699:10)
                    at Module.load (internal/modules/cjs/loader.js:598:32)
                    at tryModuleLoad (internal/modules/cjs/loader.js:537:12)</stack-trace>
            </failure>
        </test-case>
        <test-case start='1548413733134' status='failed' stop='1548413733212'>
            <name>7. Отредактируйте любое поле формы FormName</name>
            <title>7. Отредактируйте любое поле формы FormName</title>
            <labels/>
            <parameters/>
            <steps/>
            <attachments>
                <attachment title='Screenshot' source='bc596887-3756-4dcf-93ba-002be3bc8193-attachment.png' type='image/png' size='37477'/>
            </attachments>
            <failure>
                <message>Failed: Error while waiting for Protractor to sync with the page: "both angularJS testability and angular testability are undefined.  This could be either because this is a non-angular page or because your test involves client-side navigation, which can interfere with Protractor's bootstrapping.  See http://git.io/v4gXM for details"</message>
                <stack-trace>Error: Error while waiting for Protractor to sync with the page: "both angularJS testability and angular testability are undefined.  This could be either because this is a non-angular page or because your test involves client-side navigation, which can interfere with Protractor's bootstrapping.  See http://git.io/v4gXM for details"
                    at runWaitForAngularScript.then (C:\Users\AleRom\Documents\server\testingCoursesFinal\node_modules\protractor\built\browser.js:463:23)
                    at ManagedPromise.invokeCallback_ (C:\Users\AleRom\Documents\server\testingCoursesFinal\node_modules\selenium-webdriver\lib\promise.js:1376:14)
                    at TaskQueue.execute_ (C:\Users\AleRom\Documents\server\testingCoursesFinal\node_modules\selenium-webdriver\lib\promise.js:3084:14)
                    at TaskQueue.executeNext_ (C:\Users\AleRom\Documents\server\testingCoursesFinal\node_modules\selenium-webdriver\lib\promise.js:3067:27)
                    at asyncRun (C:\Users\AleRom\Documents\server\testingCoursesFinal\node_modules\selenium-webdriver\lib\promise.js:2927:27)
                    at C:\Users\AleRom\Documents\server\testingCoursesFinal\node_modules\selenium-webdriver\lib\promise.js:668:7
                    at process._tickCallback (internal/process/next_tick.js:68:7)Error
                    at ElementArrayFinder.applyAction_ (C:\Users\AleRom\Documents\server\testingCoursesFinal\node_modules\protractor\built\element.js:459:27)
                    at ElementArrayFinder.(anonymous function).args [as sendKeys] (C:\Users\AleRom\Documents\server\testingCoursesFinal\node_modules\protractor\built\element.js:91:29)
                    at ElementFinder.(anonymous function).args [as sendKeys] (C:\Users\AleRom\Documents\server\testingCoursesFinal\node_modules\protractor\built\element.js:831:22)
                    at UserRegistrationForm.inputAddressSetValue (C:\Users\AleRom\Documents\server\testingCoursesFinal\PO\UserRegistrationForm.js:51:22)
                    at UserContext.&lt;anonymous> (C:\Users\AleRom\Documents\server\testingCoursesFinal\Specs\vedurf0011.js:42:30)
                    at C:\Users\AleRom\Documents\server\testingCoursesFinal\node_modules\jasminewd2\index.js:112:25
                    at new ManagedPromise (C:\Users\AleRom\Documents\server\testingCoursesFinal\node_modules\selenium-webdriver\lib\promise.js:1077:7)
                    at ControlFlow.promise (C:\Users\AleRom\Documents\server\testingCoursesFinal\node_modules\selenium-webdriver\lib\promise.js:2505:12)
                    at schedulerExecute (C:\Users\AleRom\Documents\server\testingCoursesFinal\node_modules\jasminewd2\index.js:95:18)
                    at TaskQueue.execute_ (C:\Users\AleRom\Documents\server\testingCoursesFinal\node_modules\selenium-webdriver\lib\promise.js:3084:14)
                From: Task: Run it("7. Отредактируйте любое поле формы FormName") in control flow
                    at UserContext.&lt;anonymous> (C:\Users\AleRom\Documents\server\testingCoursesFinal\node_modules\jasminewd2\index.js:94:19)
                    at attempt (C:\Users\AleRom\Documents\server\testingCoursesFinal\node_modules\protractor\node_modules\jasmine-core\lib\jasmine-core\jasmine.js:4297:26)
                    at QueueRunner.run (C:\Users\AleRom\Documents\server\testingCoursesFinal\node_modules\protractor\node_modules\jasmine-core\lib\jasmine-core\jasmine.js:4217:20)
                    at QueueRunner.execute (C:\Users\AleRom\Documents\server\testingCoursesFinal\node_modules\protractor\node_modules\jasmine-core\lib\jasmine-core\jasmine.js:4199:10)
                    at Spec.queueRunnerFactory (C:\Users\AleRom\Documents\server\testingCoursesFinal\node_modules\protractor\node_modules\jasmine-core\lib\jasmine-core\jasmine.js:909:35)
                    at Spec.execute (C:\Users\AleRom\Documents\server\testingCoursesFinal\node_modules\protractor\node_modules\jasmine-core\lib\jasmine-core\jasmine.js:526:10)
                    at UserContext.fn (C:\Users\AleRom\Documents\server\testingCoursesFinal\node_modules\protractor\node_modules\jasmine-core\lib\jasmine-core\jasmine.js:5340:37)
                    at attempt (C:\Users\AleRom\Documents\server\testingCoursesFinal\node_modules\protractor\node_modules\jasmine-core\lib\jasmine-core\jasmine.js:4297:26)
                    at QueueRunner.run (C:\Users\AleRom\Documents\server\testingCoursesFinal\node_modules\protractor\node_modules\jasmine-core\lib\jasmine-core\jasmine.js:4217:20)
                    at runNext (C:\Users\AleRom\Documents\server\testingCoursesFinal\node_modules\protractor\node_modules\jasmine-core\lib\jasmine-core\jasmine.js:4257:20)
                From asynchronous test: 
                Error
                    at Suite.&lt;anonymous> (C:\Users\AleRom\Documents\server\testingCoursesFinal\Specs\vedurf0011.js:41:5)
                    at addSpecsToSuite (C:\Users\AleRom\Documents\server\testingCoursesFinal\node_modules\protractor\node_modules\jasmine-core\lib\jasmine-core\jasmine.js:1107:25)
                    at Env.describe (C:\Users\AleRom\Documents\server\testingCoursesFinal\node_modules\protractor\node_modules\jasmine-core\lib\jasmine-core\jasmine.js:1074:7)
                    at describe (C:\Users\AleRom\Documents\server\testingCoursesFinal\node_modules\protractor\node_modules\jasmine-core\lib\jasmine-core\jasmine.js:4399:18)
                    at Object.&lt;anonymous> (C:\Users\AleRom\Documents\server\testingCoursesFinal\Specs\vedurf0011.js:5:1)
                    at Module._compile (internal/modules/cjs/loader.js:688:30)
                    at Object.Module._extensions..js (internal/modules/cjs/loader.js:699:10)
                    at Module.load (internal/modules/cjs/loader.js:598:32)
                    at tryModuleLoad (internal/modules/cjs/loader.js:537:12)</stack-trace>
            </failure>
        </test-case>
        <test-case start='1548413733212' status='failed' stop='1548413733291'>
            <name>8. Проверьте, что кнопка “Reset Form” доступна для нажатия</name>
            <title>8. Проверьте, что кнопка “Reset Form” доступна для нажатия</title>
            <labels/>
            <parameters/>
            <steps/>
            <attachments>
                <attachment title='Screenshot' source='98630148-f608-4afb-ac62-80b777ca1f01-attachment.png' type='image/png' size='37477'/>
            </attachments>
            <failure>
                <message>Failed: Error while waiting for Protractor to sync with the page: "both angularJS testability and angular testability are undefined.  This could be either because this is a non-angular page or because your test involves client-side navigation, which can interfere with Protractor's bootstrapping.  See http://git.io/v4gXM for details"</message>
                <stack-trace>Error: Error while waiting for Protractor to sync with the page: "both angularJS testability and angular testability are undefined.  This could be either because this is a non-angular page or because your test involves client-side navigation, which can interfere with Protractor's bootstrapping.  See http://git.io/v4gXM for details"
                    at runWaitForAngularScript.then (C:\Users\AleRom\Documents\server\testingCoursesFinal\node_modules\protractor\built\browser.js:463:23)
                    at ManagedPromise.invokeCallback_ (C:\Users\AleRom\Documents\server\testingCoursesFinal\node_modules\selenium-webdriver\lib\promise.js:1376:14)
                    at TaskQueue.execute_ (C:\Users\AleRom\Documents\server\testingCoursesFinal\node_modules\selenium-webdriver\lib\promise.js:3084:14)
                    at TaskQueue.executeNext_ (C:\Users\AleRom\Documents\server\testingCoursesFinal\node_modules\selenium-webdriver\lib\promise.js:3067:27)
                    at asyncRun (C:\Users\AleRom\Documents\server\testingCoursesFinal\node_modules\selenium-webdriver\lib\promise.js:2927:27)
                    at C:\Users\AleRom\Documents\server\testingCoursesFinal\node_modules\selenium-webdriver\lib\promise.js:668:7
                    at process._tickCallback (internal/process/next_tick.js:68:7)Error
                    at ElementArrayFinder.applyAction_ (C:\Users\AleRom\Documents\server\testingCoursesFinal\node_modules\protractor\built\element.js:459:27)
                    at ElementArrayFinder.(anonymous function).args [as isEnabled] (C:\Users\AleRom\Documents\server\testingCoursesFinal\node_modules\protractor\built\element.js:91:29)
                    at ElementFinder.(anonymous function).args [as isEnabled] (C:\Users\AleRom\Documents\server\testingCoursesFinal\node_modules\protractor\built\element.js:831:22)
                    at UserRegistrationForm.buttonResetFormIsEnabled (C:\Users\AleRom\Documents\server\testingCoursesFinal\PO\UserRegistrationForm.js:105:32)
                    at UserContext.&lt;anonymous> (C:\Users\AleRom\Documents\server\testingCoursesFinal\Specs\vedurf0011.js:47:30)
                    at C:\Users\AleRom\Documents\server\testingCoursesFinal\node_modules\jasminewd2\index.js:112:25
                    at new ManagedPromise (C:\Users\AleRom\Documents\server\testingCoursesFinal\node_modules\selenium-webdriver\lib\promise.js:1077:7)
                    at ControlFlow.promise (C:\Users\AleRom\Documents\server\testingCoursesFinal\node_modules\selenium-webdriver\lib\promise.js:2505:12)
                    at schedulerExecute (C:\Users\AleRom\Documents\server\testingCoursesFinal\node_modules\jasminewd2\index.js:95:18)
                    at TaskQueue.execute_ (C:\Users\AleRom\Documents\server\testingCoursesFinal\node_modules\selenium-webdriver\lib\promise.js:3084:14)
                From: Task: Run it("8. Проверьте, что кнопка “Reset Form” доступна для нажатия") in control flow
                    at UserContext.&lt;anonymous> (C:\Users\AleRom\Documents\server\testingCoursesFinal\node_modules\jasminewd2\index.js:94:19)
                    at attempt (C:\Users\AleRom\Documents\server\testingCoursesFinal\node_modules\protractor\node_modules\jasmine-core\lib\jasmine-core\jasmine.js:4297:26)
                    at QueueRunner.run (C:\Users\AleRom\Documents\server\testingCoursesFinal\node_modules\protractor\node_modules\jasmine-core\lib\jasmine-core\jasmine.js:4217:20)
                    at QueueRunner.execute (C:\Users\AleRom\Documents\server\testingCoursesFinal\node_modules\protractor\node_modules\jasmine-core\lib\jasmine-core\jasmine.js:4199:10)
                    at Spec.queueRunnerFactory (C:\Users\AleRom\Documents\server\testingCoursesFinal\node_modules\protractor\node_modules\jasmine-core\lib\jasmine-core\jasmine.js:909:35)
                    at Spec.execute (C:\Users\AleRom\Documents\server\testingCoursesFinal\node_modules\protractor\node_modules\jasmine-core\lib\jasmine-core\jasmine.js:526:10)
                    at UserContext.fn (C:\Users\AleRom\Documents\server\testingCoursesFinal\node_modules\protractor\node_modules\jasmine-core\lib\jasmine-core\jasmine.js:5340:37)
                    at attempt (C:\Users\AleRom\Documents\server\testingCoursesFinal\node_modules\protractor\node_modules\jasmine-core\lib\jasmine-core\jasmine.js:4297:26)
                    at QueueRunner.run (C:\Users\AleRom\Documents\server\testingCoursesFinal\node_modules\protractor\node_modules\jasmine-core\lib\jasmine-core\jasmine.js:4217:20)
                    at runNext (C:\Users\AleRom\Documents\server\testingCoursesFinal\node_modules\protractor\node_modules\jasmine-core\lib\jasmine-core\jasmine.js:4257:20)
                From asynchronous test: 
                Error
                    at Suite.&lt;anonymous> (C:\Users\AleRom\Documents\server\testingCoursesFinal\Specs\vedurf0011.js:45:5)
                    at addSpecsToSuite (C:\Users\AleRom\Documents\server\testingCoursesFinal\node_modules\protractor\node_modules\jasmine-core\lib\jasmine-core\jasmine.js:1107:25)
                    at Env.describe (C:\Users\AleRom\Documents\server\testingCoursesFinal\node_modules\protractor\node_modules\jasmine-core\lib\jasmine-core\jasmine.js:1074:7)
                    at describe (C:\Users\AleRom\Documents\server\testingCoursesFinal\node_modules\protractor\node_modules\jasmine-core\lib\jasmine-core\jasmine.js:4399:18)
                    at Object.&lt;anonymous> (C:\Users\AleRom\Documents\server\testingCoursesFinal\Specs\vedurf0011.js:5:1)
                    at Module._compile (internal/modules/cjs/loader.js:688:30)
                    at Object.Module._extensions..js (internal/modules/cjs/loader.js:699:10)
                    at Module.load (internal/modules/cjs/loader.js:598:32)
                    at tryModuleLoad (internal/modules/cjs/loader.js:537:12)</stack-trace>
            </failure>
        </test-case>
        <test-case start='1548413733291' status='failed' stop='1548413733366'>
            <name>9. Нажмите “Reset Form”</name>
            <title>9. Нажмите “Reset Form”</title>
            <labels/>
            <parameters/>
            <steps/>
            <attachments>
                <attachment title='Screenshot' source='ab1b8cfa-c579-49c5-b7b6-c3d589993e6d-attachment.png' type='image/png' size='37477'/>
            </attachments>
            <failure>
                <message>Failed: Error while waiting for Protractor to sync with the page: "both angularJS testability and angular testability are undefined.  This could be either because this is a non-angular page or because your test involves client-side navigation, which can interfere with Protractor's bootstrapping.  See http://git.io/v4gXM for details"</message>
                <stack-trace>Error: Error while waiting for Protractor to sync with the page: "both angularJS testability and angular testability are undefined.  This could be either because this is a non-angular page or because your test involves client-side navigation, which can interfere with Protractor's bootstrapping.  See http://git.io/v4gXM for details"
                    at runWaitForAngularScript.then (C:\Users\AleRom\Documents\server\testingCoursesFinal\node_modules\protractor\built\browser.js:463:23)
                    at ManagedPromise.invokeCallback_ (C:\Users\AleRom\Documents\server\testingCoursesFinal\node_modules\selenium-webdriver\lib\promise.js:1376:14)
                    at TaskQueue.execute_ (C:\Users\AleRom\Documents\server\testingCoursesFinal\node_modules\selenium-webdriver\lib\promise.js:3084:14)
                    at TaskQueue.executeNext_ (C:\Users\AleRom\Documents\server\testingCoursesFinal\node_modules\selenium-webdriver\lib\promise.js:3067:27)
                    at asyncRun (C:\Users\AleRom\Documents\server\testingCoursesFinal\node_modules\selenium-webdriver\lib\promise.js:2927:27)
                    at C:\Users\AleRom\Documents\server\testingCoursesFinal\node_modules\selenium-webdriver\lib\promise.js:668:7
                    at process._tickCallback (internal/process/next_tick.js:68:7)Error
                    at ElementArrayFinder.applyAction_ (C:\Users\AleRom\Documents\server\testingCoursesFinal\node_modules\protractor\built\element.js:459:27)
                    at ElementArrayFinder.(anonymous function).args [as click] (C:\Users\AleRom\Documents\server\testingCoursesFinal\node_modules\protractor\built\element.js:91:29)
                    at ElementFinder.(anonymous function).args [as click] (C:\Users\AleRom\Documents\server\testingCoursesFinal\node_modules\protractor\built\element.js:831:22)
                    at UserRegistrationForm.buttonResetFormClick (C:\Users\AleRom\Documents\server\testingCoursesFinal\PO\UserRegistrationForm.js:113:25)
                    at UserContext.&lt;anonymous> (C:\Users\AleRom\Documents\server\testingCoursesFinal\Specs\vedurf0011.js:51:30)
                    at C:\Users\AleRom\Documents\server\testingCoursesFinal\node_modules\jasminewd2\index.js:112:25
                    at new ManagedPromise (C:\Users\AleRom\Documents\server\testingCoursesFinal\node_modules\selenium-webdriver\lib\promise.js:1077:7)
                    at ControlFlow.promise (C:\Users\AleRom\Documents\server\testingCoursesFinal\node_modules\selenium-webdriver\lib\promise.js:2505:12)
                    at schedulerExecute (C:\Users\AleRom\Documents\server\testingCoursesFinal\node_modules\jasminewd2\index.js:95:18)
                    at TaskQueue.execute_ (C:\Users\AleRom\Documents\server\testingCoursesFinal\node_modules\selenium-webdriver\lib\promise.js:3084:14)
                From: Task: Run it("9. Нажмите “Reset Form”") in control flow
                    at UserContext.&lt;anonymous> (C:\Users\AleRom\Documents\server\testingCoursesFinal\node_modules\jasminewd2\index.js:94:19)
                    at attempt (C:\Users\AleRom\Documents\server\testingCoursesFinal\node_modules\protractor\node_modules\jasmine-core\lib\jasmine-core\jasmine.js:4297:26)
                    at QueueRunner.run (C:\Users\AleRom\Documents\server\testingCoursesFinal\node_modules\protractor\node_modules\jasmine-core\lib\jasmine-core\jasmine.js:4217:20)
                    at QueueRunner.execute (C:\Users\AleRom\Documents\server\testingCoursesFinal\node_modules\protractor\node_modules\jasmine-core\lib\jasmine-core\jasmine.js:4199:10)
                    at Spec.queueRunnerFactory (C:\Users\AleRom\Documents\server\testingCoursesFinal\node_modules\protractor\node_modules\jasmine-core\lib\jasmine-core\jasmine.js:909:35)
                    at Spec.execute (C:\Users\AleRom\Documents\server\testingCoursesFinal\node_modules\protractor\node_modules\jasmine-core\lib\jasmine-core\jasmine.js:526:10)
                    at UserContext.fn (C:\Users\AleRom\Documents\server\testingCoursesFinal\node_modules\protractor\node_modules\jasmine-core\lib\jasmine-core\jasmine.js:5340:37)
                    at attempt (C:\Users\AleRom\Documents\server\testingCoursesFinal\node_modules\protractor\node_modules\jasmine-core\lib\jasmine-core\jasmine.js:4297:26)
                    at QueueRunner.run (C:\Users\AleRom\Documents\server\testingCoursesFinal\node_modules\protractor\node_modules\jasmine-core\lib\jasmine-core\jasmine.js:4217:20)
                    at runNext (C:\Users\AleRom\Documents\server\testingCoursesFinal\node_modules\protractor\node_modules\jasmine-core\lib\jasmine-core\jasmine.js:4257:20)
                From asynchronous test: 
                Error
                    at Suite.&lt;anonymous> (C:\Users\AleRom\Documents\server\testingCoursesFinal\Specs\vedurf0011.js:50:5)
                    at addSpecsToSuite (C:\Users\AleRom\Documents\server\testingCoursesFinal\node_modules\protractor\node_modules\jasmine-core\lib\jasmine-core\jasmine.js:1107:25)
                    at Env.describe (C:\Users\AleRom\Documents\server\testingCoursesFinal\node_modules\protractor\node_modules\jasmine-core\lib\jasmine-core\jasmine.js:1074:7)
                    at describe (C:\Users\AleRom\Documents\server\testingCoursesFinal\node_modules\protractor\node_modules\jasmine-core\lib\jasmine-core\jasmine.js:4399:18)
                    at Object.&lt;anonymous> (C:\Users\AleRom\Documents\server\testingCoursesFinal\Specs\vedurf0011.js:5:1)
                    at Module._compile (internal/modules/cjs/loader.js:688:30)
                    at Object.Module._extensions..js (internal/modules/cjs/loader.js:699:10)
                    at Module.load (internal/modules/cjs/loader.js:598:32)
                    at tryModuleLoad (internal/modules/cjs/loader.js:537:12)</stack-trace>
            </failure>
        </test-case>
    </test-cases>
</ns2:test-suite>